# JRE version: OpenJDK Runtime Environment (8.0_382-b05) (build 1.8.0_382-b05)
# Java VM: OpenJDK Server VM (25.382-b05 mixed mode windows-x86 )
Heap:
 PSYoungGen      total 35840K, used 19074K [0x2f6c0000, 0x31c40000, 0x3e000000)
  eden space 33280K, 49% used [0x2f6c0000,0x306e4120,0x31740000)
  from space 2560K, 99% used [0x319c0000,0x31c3c838,0x31c40000)
  to   space 2560K, 0% used [0x31740000,0x31740000,0x319c0000)
 ParOldGen       total 43776K, used 4447K [0x12400000, 0x14ec0000, 0x2f6c0000)
  object space 43776K, 10% used [0x12400000,0x12857ca0,0x14ec0000)
 Metaspace       used 9671K, capacity 9954K, committed 9984K, reserved 11648K
GC Heap History (8 events):
Event: 0.660 GC heap before
{Heap before GC invocations=1 (full 0):
 PSYoungGen      total 19200K, used 16640K [0x2f6c0000, 0x30c00000, 0x3e000000)
  eden space 16640K, 100% used [0x2f6c0000,0x30700000,0x30700000)
  from space 2560K, 0% used [0x30980000,0x30980000,0x30c00000)
  to   space 2560K, 0% used [0x30700000,0x30700000,0x30980000)
 ParOldGen       total 43776K, used 0K [0x12400000, 0x14ec0000, 0x2f6c0000)
  object space 43776K, 0% used [0x12400000,0x12400000,0x14ec0000)
 Metaspace       used 5209K, capacity 5416K, committed 5504K, reserved 5504K
Event: 0.662 GC heap after
Heap after GC invocations=1 (full 0):
 PSYoungGen      total 19200K, used 2549K [0x2f6c0000, 0x30c00000, 0x3e000000)
  eden space 16640K, 0% used [0x2f6c0000,0x2f6c0000,0x30700000)
  from space 2560K, 99% used [0x30700000,0x3097d7e0,0x30980000)
  to   space 2560K, 0% used [0x30980000,0x30980000,0x30c00000)
 ParOldGen       total 43776K, used 142K [0x12400000, 0x14ec0000, 0x2f6c0000)
  object space 43776K, 0% used [0x12400000,0x12423920,0x14ec0000)
 Metaspace       used 5209K, capacity 5416K, committed 5504K, reserved 5504K
}
Event: 0.962 GC heap before
{Heap before GC invocations=2 (full 0):
 PSYoungGen      total 19200K, used 19189K [0x2f6c0000, 0x30c00000, 0x3e000000)
  eden space 16640K, 100% used [0x2f6c0000,0x30700000,0x30700000)
  from space 2560K, 99% used [0x30700000,0x3097d7e0,0x30980000)
  to   space 2560K, 0% used [0x30980000,0x30980000,0x30c00000)
 ParOldGen       total 43776K, used 142K [0x12400000, 0x14ec0000, 0x2f6c0000)
  object space 43776K, 0% used [0x12400000,0x12423920,0x14ec0000)
 Metaspace       used 7023K, capacity 7291K, committed 7296K, reserved 7552K
Event: 0.968 GC heap after
Heap after GC invocations=2 (full 0):
 PSYoungGen      total 19200K, used 2556K [0x2f6c0000, 0x31c40000, 0x3e000000)
  eden space 16640K, 0% used [0x2f6c0000,0x2f6c0000,0x30700000)
  from space 2560K, 99% used [0x30980000,0x30bff008,0x30c00000)
  to   space 2560K, 0% used [0x30700000,0x30700000,0x30980000)
 ParOldGen       total 43776K, used 1435K [0x12400000, 0x14ec0000, 0x2f6c0000)
  object space 43776K, 3% used [0x12400000,0x12566e68,0x14ec0000)
 Metaspace       used 7023K, capacity 7291K, committed 7296K, reserved 7552K
}
Event: 1.235 GC heap before
{Heap before GC invocations=3 (full 0):
 PSYoungGen      total 19200K, used 19196K [0x2f6c0000, 0x31c40000, 0x3e000000)
  eden space 16640K, 100% used [0x2f6c0000,0x30700000,0x30700000)
  from space 2560K, 99% used [0x30980000,0x30bff008,0x30c00000)
  to   space 2560K, 0% used [0x30700000,0x30700000,0x30980000)
 ParOldGen       total 43776K, used 1435K [0x12400000, 0x14ec0000, 0x2f6c0000)
  object space 43776K, 3% used [0x12400000,0x12566e68,0x14ec0000)
 Metaspace       used 7716K, capacity 7947K, committed 8064K, reserved 8576K
Event: 1.241 GC heap after
Heap after GC invocations=3 (full 0):
 PSYoungGen      total 19200K, used 2554K [0x2f6c0000, 0x31c40000, 0x3e000000)
  eden space 16640K, 0% used [0x2f6c0000,0x2f6c0000,0x30700000)
  from space 2560K, 99% used [0x30700000,0x3097ea00,0x30980000)
  to   space 2560K, 0% used [0x319c0000,0x319c0000,0x31c40000)
 ParOldGen       total 43776K, used 2529K [0x12400000, 0x14ec0000, 0x2f6c0000)
  object space 43776K, 5% used [0x12400000,0x12678600,0x14ec0000)
 Metaspace       used 7716K, capacity 7947K, committed 8064K, reserved 8576K
}
Event: 1.443 GC heap before
{Heap before GC invocations=4 (full 0):
 PSYoungGen      total 19200K, used 19194K [0x2f6c0000, 0x31c40000, 0x3e000000)
  eden space 16640K, 100% used [0x2f6c0000,0x30700000,0x30700000)
  from space 2560K, 99% used [0x30700000,0x3097ea00,0x30980000)
  to   space 2560K, 0% used [0x319c0000,0x319c0000,0x31c40000)
 ParOldGen       total 43776K, used 2529K [0x12400000, 0x14ec0000, 0x2f6c0000)
  object space 43776K, 5% used [0x12400000,0x12678600,0x14ec0000)
 Metaspace       used 8420K, capacity 8661K, committed 8704K, reserved 9600K
Event: 1.448 GC heap after
Heap after GC invocations=4 (full 0):
 PSYoungGen      total 35840K, used 2546K [0x2f6c0000, 0x31c40000, 0x3e000000)
  eden space 33280K, 0% used [0x2f6c0000,0x2f6c0000,0x31740000)
  from space 2560K, 99% used [0x319c0000,0x31c3c838,0x31c40000)
  to   space 2560K, 0% used [0x31740000,0x31740000,0x319c0000)
 ParOldGen       total 43776K, used 4447K [0x12400000, 0x14ec0000, 0x2f6c0000)
  object space 43776K, 10% used [0x12400000,0x12857ca0,0x14ec0000)
 Metaspace       used 8420K, capacity 8661K, committed 8704K, reserved 9600K
}

